Arguments: 
  /usr/bin/node /usr/local/bin/yarn add mongoose mongoose-timestamp express config bcrypt

PATH: 
  /usr/local/sbin:/usr/local/bin:/usr/sbin:/usr/bin:/sbin:/bin:/usr/games:/usr/local/games:/snap/bin

Yarn version: 
  1.22.19

Node version: 
  14.20.0

Platform: 
  linux x64

Trace: 
  Error: getaddrinfo EAI_AGAIN registry.yarnpkg.com
      at GetAddrInfoReqWrap.onlookup [as oncomplete] (dns.js:71:26)

npm manifest: 
  {
    "name": "Phone-App",
    "version": "1.0.0",
    "main": "index.js",
    "author":"hady babaei",
    "license": "MIT",
    "scripts": {
      "dev":"nodemon /src/app.js"
    }
  }

yarn manifest: 
  No manifest

Lockfile: 
  No lockfile
